e:\lx_cameras10\lx_cameras10\x64\release\vc143.pdb
e:\lx_cameras10\lx_cameras10\x64\release\qrc_lx_cameras10.obj
e:\lx_cameras10\lx_cameras10\x64\release\main.obj
e:\lx_cameras10\lx_cameras10\x64\release\lx_cameras10.obj
e:\lx_cameras10\lx_cameras10\x64\release\moc_lx_cameras10.obj
e:\lx_cameras10\x64\release\lx_cameras10.exe
e:\lx_cameras10\lx_cameras10\x64\release\uic\ui_lx_cameras10.h
e:\lx_cameras10\lx_cameras10\x64\release\rcc\qrc_lx_cameras10.cpp
e:\lx_cameras10\lx_cameras10\x64\release\moc\moc_lx_cameras10.cpp
e:\lx_cameras10\lx_cameras10\x64\release\lx_cameras10.ipdb
e:\lx_cameras10\lx_cameras10\x64\release\lx_cameras10.iobj
e:\lx_cameras10\lx_cameras10\x64\release\lx_cameras10.tlog\cl.command.1.tlog
e:\lx_cameras10\lx_cameras10\x64\release\lx_cameras10.tlog\cl.items.tlog
e:\lx_cameras10\lx_cameras10\x64\release\lx_cameras10.tlog\cl.read.1.tlog
e:\lx_cameras10\lx_cameras10\x64\release\lx_cameras10.tlog\cl.write.1.tlog
e:\lx_cameras10\lx_cameras10\x64\release\lx_cameras10.tlog\link.command.1.tlog
e:\lx_cameras10\lx_cameras10\x64\release\lx_cameras10.tlog\link.read.1.tlog
e:\lx_cameras10\lx_cameras10\x64\release\lx_cameras10.tlog\link.secondary.1.tlog
e:\lx_cameras10\lx_cameras10\x64\release\lx_cameras10.tlog\link.write.1.tlog
e:\lx_cameras10\lx_cameras10\x64\release\lx_cameras10.tlog\lx_cameras10.write.1u.tlog
e:\lx_cameras10\lx_cameras10\x64\release\lx_cameras10.tlog\moc.read.1u.tlog
e:\lx_cameras10\lx_cameras10\x64\release\lx_cameras10.tlog\moc.write.1u.tlog
e:\lx_cameras10\lx_cameras10\x64\release\lx_cameras10.tlog\rcc.read.1u.tlog
e:\lx_cameras10\lx_cameras10\x64\release\lx_cameras10.tlog\rcc.write.1u.tlog
e:\lx_cameras10\lx_cameras10\x64\release\lx_cameras10.tlog\uic.read.1u.tlog
e:\lx_cameras10\lx_cameras10\x64\release\lx_cameras10.tlog\uic.write.1u.tlog
